<?xml version="1.0" encoding="UTF-8"?>
<!-- Generated by org.testng.reporters.JUnitReportReporter -->
<testsuite hostname="DESKTOP-J6LNOLJ" failures="0" tests="1" name="EmployeePage.EmployeTest" time="24.266" errors="0" timestamp="2025-09-02T22:28:27 IST" skipped="0">
  <testcase classname="EmployeePage.EmployeTest" name="testAddAndSearchEmployee" time="24.266"/>
</testsuite> <!-- EmployeePage.EmployeTest -->
